0    [XML-RPC-0] ERROR org.apache.xmlrpc.server.XmlRpcErrorLogger - Failed to invoke method execute in class com.nantic.jasperreports.JasperServer: Can't connect to X11 window server using 'localhost:10.0' as the value of the DISPLAY variable.
org.apache.xmlrpc.common.XmlRpcInvocationException: Failed to invoke method execute in class com.nantic.jasperreports.JasperServer: Can't connect to X11 window server using 'localhost:10.0' as the value of the DISPLAY variable.
	at org.apache.xmlrpc.server.ReflectiveXmlRpcHandler.invoke(ReflectiveXmlRpcHandler.java:129)
	at org.apache.xmlrpc.server.ReflectiveXmlRpcHandler.execute(ReflectiveXmlRpcHandler.java:106)
	at org.apache.xmlrpc.server.XmlRpcServerWorker.execute(XmlRpcServerWorker.java:46)
	at org.apache.xmlrpc.server.XmlRpcServer.execute(XmlRpcServer.java:86)
	at org.apache.xmlrpc.server.XmlRpcStreamServer.execute(XmlRpcStreamServer.java:200)
	at org.apache.xmlrpc.webserver.Connection.run(Connection.java:208)
	at org.apache.xmlrpc.util.ThreadPool$Poolable$1.run(ThreadPool.java:68)
Caused by: java.lang.InternalError: Can't connect to X11 window server using 'localhost:10.0' as the value of the DISPLAY variable.
	at sun.awt.X11GraphicsEnvironment.initDisplay(Native Method)
	at sun.awt.X11GraphicsEnvironment.access$100(X11GraphicsEnvironment.java:62)
	at sun.awt.X11GraphicsEnvironment$1.run(X11GraphicsEnvironment.java:166)
	at java.security.AccessController.doPrivileged(Native Method)
	at sun.awt.X11GraphicsEnvironment.<clinit>(X11GraphicsEnvironment.java:142)
	at java.lang.Class.forName0(Native Method)
	at java.lang.Class.forName(Class.java:186)
	at java.awt.GraphicsEnvironment.getLocalGraphicsEnvironment(GraphicsEnvironment.java:82)
	at net.sf.jasperreports.engine.util.JRStyledTextParser.<clinit>(JRStyledTextParser.java:83)
	at net.sf.jasperreports.engine.fill.JRBaseFiller.<init>(JRBaseFiller.java:181)
	at net.sf.jasperreports.engine.fill.JRVerticalFiller.<init>(JRVerticalFiller.java:76)
	at net.sf.jasperreports.engine.fill.JRVerticalFiller.<init>(JRVerticalFiller.java:86)
	at net.sf.jasperreports.engine.fill.JRVerticalFiller.<init>(JRVerticalFiller.java:56)
	at net.sf.jasperreports.engine.fill.JRFiller.createFiller(JRFiller.java:142)
	at net.sf.jasperreports.engine.fill.JRFiller.fillReport(JRFiller.java:78)
	at net.sf.jasperreports.engine.JasperFillManager.fillReport(JasperFillManager.java:624)
	at com.nantic.jasperreports.JasperServer.privateExecute(JasperServer.java:315)
	at com.nantic.jasperreports.JasperServer.execute(JasperServer.java:226)
	at sun.reflect.NativeMethodAccessorImpl.invoke0(Native Method)
	at sun.reflect.NativeMethodAccessorImpl.invoke(NativeMethodAccessorImpl.java:57)
	at sun.reflect.DelegatingMethodAccessorImpl.invoke(DelegatingMethodAccessorImpl.java:43)
	at java.lang.reflect.Method.invoke(Method.java:616)
	at org.apache.xmlrpc.server.ReflectiveXmlRpcHandler.invoke(ReflectiveXmlRpcHandler.java:115)
	... 6 more
Caused by:
java.lang.InternalError: Can't connect to X11 window server using 'localhost:10.0' as the value of the DISPLAY variable.
	at sun.awt.X11GraphicsEnvironment.initDisplay(Native Method)
	at sun.awt.X11GraphicsEnvironment.access$100(X11GraphicsEnvironment.java:62)
	at sun.awt.X11GraphicsEnvironment$1.run(X11GraphicsEnvironment.java:166)
	at java.security.AccessController.doPrivileged(Native Method)
	at sun.awt.X11GraphicsEnvironment.<clinit>(X11GraphicsEnvironment.java:142)
	at java.lang.Class.forName0(Native Method)
	at java.lang.Class.forName(Class.java:186)
	at java.awt.GraphicsEnvironment.getLocalGraphicsEnvironment(GraphicsEnvironment.java:82)
	at net.sf.jasperreports.engine.util.JRStyledTextParser.<clinit>(JRStyledTextParser.java:83)
	at net.sf.jasperreports.engine.fill.JRBaseFiller.<init>(JRBaseFiller.java:181)
	at net.sf.jasperreports.engine.fill.JRVerticalFiller.<init>(JRVerticalFiller.java:76)
	at net.sf.jasperreports.engine.fill.JRVerticalFiller.<init>(JRVerticalFiller.java:86)
	at net.sf.jasperreports.engine.fill.JRVerticalFiller.<init>(JRVerticalFiller.java:56)
	at net.sf.jasperreports.engine.fill.JRFiller.createFiller(JRFiller.java:142)
	at net.sf.jasperreports.engine.fill.JRFiller.fillReport(JRFiller.java:78)
	at net.sf.jasperreports.engine.JasperFillManager.fillReport(JasperFillManager.java:624)
	at com.nantic.jasperreports.JasperServer.privateExecute(JasperServer.java:315)
	at com.nantic.jasperreports.JasperServer.execute(JasperServer.java:226)
	at sun.reflect.NativeMethodAccessorImpl.invoke0(Native Method)
	at sun.reflect.NativeMethodAccessorImpl.invoke(NativeMethodAccessorImpl.java:57)
	at sun.reflect.DelegatingMethodAccessorImpl.invoke(DelegatingMethodAccessorImpl.java:43)
	at java.lang.reflect.Method.invoke(Method.java:616)
	at org.apache.xmlrpc.server.ReflectiveXmlRpcHandler.invoke(ReflectiveXmlRpcHandler.java:115)
	at org.apache.xmlrpc.server.ReflectiveXmlRpcHandler.execute(ReflectiveXmlRpcHandler.java:106)
	at org.apache.xmlrpc.server.XmlRpcServerWorker.execute(XmlRpcServerWorker.java:46)
	at org.apache.xmlrpc.server.XmlRpcServer.execute(XmlRpcServer.java:86)
	at org.apache.xmlrpc.server.XmlRpcStreamServer.execute(XmlRpcStreamServer.java:200)
	at org.apache.xmlrpc.webserver.Connection.run(Connection.java:208)
	at org.apache.xmlrpc.util.ThreadPool$Poolable$1.run(ThreadPool.java:68)
